2016/03/22 02:23:30 access ip -> ::1
SELECT controller, action FROM url_friendly WHERE url_friendly.url_friendly = :url
array (
  'url' => 'user_backend/create',
)
2016/03/22 02:23:30 access ip -> ::1
INSERT INTO user (pass) VALUES (:pass)
array (
  'pass' => 'd41d8cd98f00b204e9800998ecf8427e',
)
2016/03/22 02:23:31 access ip -> ::1
SELECT controller, action FROM url_friendly WHERE url_friendly.url_friendly = :url
array (
  'url' => 'user_backend/listdata',
)
2016/03/22 02:23:31 access ip -> ::1
SELECT * FROM user

2016/03/22 02:24:23 access ip -> ::1
SELECT controller, action FROM url_friendly WHERE url_friendly.url_friendly = :url
array (
  'url' => 'user_backend/create',
)
2016/03/22 02:24:23 access ip -> ::1
INSERT INTO user (pass) VALUES (:pass)
array (
  'pass' => 'd41d8cd98f00b204e9800998ecf8427e',
)
2016/03/22 02:24:23 access ip -> ::1
SELECT controller, action FROM url_friendly WHERE url_friendly.url_friendly = :url
array (
  'url' => 'user_backend/listdata',
)
2016/03/22 02:24:23 access ip -> ::1
SELECT * FROM user

2016/03/22 02:25:12 access ip -> ::1
SELECT controller, action FROM url_friendly WHERE url_friendly.url_friendly = :url
array (
  'url' => 'user_backend/create',
)
2016/03/22 02:25:12 access ip -> ::1
INSERT INTO user (pass) VALUES (:pass)
array (
  'pass' => 'd41d8cd98f00b204e9800998ecf8427e',
)
2016/03/22 02:25:12 access ip -> ::1
SELECT controller, action FROM url_friendly WHERE url_friendly.url_friendly = :url
array (
  'url' => 'user_backend/listdata',
)
2016/03/22 02:25:12 access ip -> ::1
SELECT * FROM user

2016/03/22 02:27:11 access ip -> ::1
SELECT controller, action FROM url_friendly WHERE url_friendly.url_friendly = :url
array (
  'url' => 'user_backend/create',
)
2016/03/22 02:27:11 access ip -> ::1
INSERT INTO user (pass) VALUES (:pass)
array (
  'pass' => 'd41d8cd98f00b204e9800998ecf8427e',
)
2016/03/22 02:27:11 access ip -> ::1
SELECT controller, action FROM url_friendly WHERE url_friendly.url_friendly = :url
array (
  'url' => 'user_backend/listdata',
)
2016/03/22 02:27:11 access ip -> ::1
SELECT * FROM user

2016/03/22 02:28:49 access ip -> ::1
SELECT controller, action FROM url_friendly WHERE url_friendly.url_friendly = :url
array (
  'url' => 'user_backend/create',
)
2016/03/22 02:28:49 access ip -> ::1
INSERT INTO user (pass) VALUES (:pass)
array (
  'pass' => 'd41d8cd98f00b204e9800998ecf8427e',
)
2016/03/22 02:28:49 access ip -> ::1
SELECT controller, action FROM url_friendly WHERE url_friendly.url_friendly = :url
array (
  'url' => 'user_backend/listdata',
)
2016/03/22 02:28:49 access ip -> ::1
SELECT * FROM user

2016/03/22 02:30:49 access ip -> ::1
SELECT controller, action FROM url_friendly WHERE url_friendly.url_friendly = :url
array (
  'url' => 'user_backend/create',
)
2016/03/22 02:30:49 access ip -> ::1
INSERT INTO user (user_name,pass,email) VALUES (:user_name, :pass, :email)
array (
  'user_name' => 'fgf',
  'pass' => '13b920adfaf00184fc0d4e5fee6f4551',
  'email' => 'ggfg@gfgfgfg.xx',
)
2016/03/22 02:30:49 access ip -> ::1
SELECT controller, action FROM url_friendly WHERE url_friendly.url_friendly = :url
array (
  'url' => 'user_backend/listdata',
)
2016/03/22 02:30:49 access ip -> ::1
SELECT * FROM user

2016/03/22 02:40:01 access ip -> ::1
SELECT controller, action FROM url_friendly WHERE url_friendly.url_friendly = :url
array (
  'url' => 'index_backend',
)
2016/03/22 02:40:02 access ip -> ::1
SELECT controller, action FROM url_friendly WHERE url_friendly.url_friendly = :url
array (
  'url' => 'user_backend/listdata',
)
2016/03/22 02:40:02 access ip -> ::1
SELECT * FROM user

2016/03/22 02:40:38 access ip -> ::1
SELECT controller, action FROM url_friendly WHERE url_friendly.url_friendly = :url
array (
  'url' => 'index_backend',
)
2016/03/22 02:40:40 access ip -> ::1
SELECT controller, action FROM url_friendly WHERE url_friendly.url_friendly = :url
array (
  'url' => 'user_backend/listdata',
)
2016/03/22 02:40:40 access ip -> ::1
SELECT * FROM user

2016/03/22 02:40:45 access ip -> ::1
SELECT controller, action FROM url_friendly WHERE url_friendly.url_friendly = :url
array (
  'url' => 'user_backend/delete',
)
2016/03/22 02:40:45 access ip -> ::1
DELETE FROM user WHERE 1=1 AND id = :id
array (
  'id' => '8',
)
2016/03/22 02:40:45 access ip -> ::1
SELECT controller, action FROM url_friendly WHERE url_friendly.url_friendly = :url
array (
  'url' => 'user_backend/listdata',
)
2016/03/22 02:40:45 access ip -> ::1
SELECT * FROM user

2016/03/22 02:40:49 access ip -> ::1
SELECT controller, action FROM url_friendly WHERE url_friendly.url_friendly = :url
array (
  'url' => 'user_backend/delete',
)
2016/03/22 02:40:49 access ip -> ::1
DELETE FROM user WHERE 1=1 AND id = :id
array (
  'id' => '15',
)
2016/03/22 02:40:49 access ip -> ::1
SELECT controller, action FROM url_friendly WHERE url_friendly.url_friendly = :url
array (
  'url' => 'user_backend/listdata',
)
2016/03/22 02:40:49 access ip -> ::1
SELECT * FROM user

2016/03/22 02:40:53 access ip -> ::1
SELECT controller, action FROM url_friendly WHERE url_friendly.url_friendly = :url
array (
  'url' => 'user_backend/delete',
)
2016/03/22 02:40:53 access ip -> ::1
DELETE FROM user WHERE 1=1 AND id = :id
array (
  'id' => '14',
)
2016/03/22 02:40:53 access ip -> ::1
SELECT controller, action FROM url_friendly WHERE url_friendly.url_friendly = :url
array (
  'url' => 'user_backend/listdata',
)
2016/03/22 02:40:53 access ip -> ::1
SELECT * FROM user

2016/03/22 02:41:00 access ip -> ::1
SELECT controller, action FROM url_friendly WHERE url_friendly.url_friendly = :url
array (
  'url' => 'user_backend/delete',
)
2016/03/22 02:41:00 access ip -> ::1
DELETE FROM user WHERE 1=1 AND id = :id
array (
  'id' => '13',
)
2016/03/22 02:41:00 access ip -> ::1
SELECT controller, action FROM url_friendly WHERE url_friendly.url_friendly = :url
array (
  'url' => 'user_backend/listdata',
)
2016/03/22 02:41:00 access ip -> ::1
SELECT * FROM user

2016/03/22 02:42:10 access ip -> ::1
SELECT controller, action FROM url_friendly WHERE url_friendly.url_friendly = :url
array (
  'url' => 'user_backend/delete',
)
2016/03/22 02:42:10 access ip -> ::1
DELETE FROM user WHERE 1=1 AND id = :id
array (
  'id' => '12',
)
2016/03/22 02:42:10 access ip -> ::1
SELECT controller, action FROM url_friendly WHERE url_friendly.url_friendly = :url
array (
  'url' => 'user_backend/listdata',
)
2016/03/22 02:42:10 access ip -> ::1
SELECT * FROM user

2016/03/22 02:42:22 access ip -> ::1
SELECT controller, action FROM url_friendly WHERE url_friendly.url_friendly = :url
array (
  'url' => 'index_backend',
)
2016/03/22 02:42:23 access ip -> ::1
SELECT controller, action FROM url_friendly WHERE url_friendly.url_friendly = :url
array (
  'url' => 'user_backend/listdata',
)
2016/03/22 02:42:23 access ip -> ::1
SELECT * FROM user

2016/03/22 02:42:36 access ip -> ::1
SELECT controller, action FROM url_friendly WHERE url_friendly.url_friendly = :url
array (
  'url' => 'user_backend/delete',
)
2016/03/22 02:42:36 access ip -> ::1
DELETE FROM user WHERE 1=1 AND id = :id
array (
  'id' => '11',
)
2016/03/22 02:42:36 access ip -> ::1
SELECT controller, action FROM url_friendly WHERE url_friendly.url_friendly = :url
array (
  'url' => 'user_backend/listdata',
)
2016/03/22 02:42:36 access ip -> ::1
SELECT * FROM user

2016/03/22 02:42:38 access ip -> ::1
SELECT controller, action FROM url_friendly WHERE url_friendly.url_friendly = :url
array (
  'url' => 'user_backend/delete',
)
2016/03/22 02:42:38 access ip -> ::1
DELETE FROM user WHERE 1=1 AND id = :id
array (
  'id' => '10',
)
2016/03/22 02:42:38 access ip -> ::1
SELECT controller, action FROM url_friendly WHERE url_friendly.url_friendly = :url
array (
  'url' => 'user_backend/listdata',
)
2016/03/22 02:42:38 access ip -> ::1
SELECT * FROM user

2016/03/22 02:42:40 access ip -> ::1
SELECT controller, action FROM url_friendly WHERE url_friendly.url_friendly = :url
array (
  'url' => 'user_backend/delete',
)
2016/03/22 02:42:40 access ip -> ::1
DELETE FROM user WHERE 1=1 AND id = :id
array (
  'id' => '9',
)
2016/03/22 02:42:41 access ip -> ::1
SELECT controller, action FROM url_friendly WHERE url_friendly.url_friendly = :url
array (
  'url' => 'user_backend/listdata',
)
2016/03/22 02:42:41 access ip -> ::1
SELECT * FROM user

